monitor conan@spongebob:~/git/srbpavel/rust_esp32_std_dallas$ cargo espflash flash --release --monitor --port /dev/ttyACM0
    Finished release [optimized] target(s) in 0.14s
Chip type:         esp32c3 (revision v0.3)
Crystal frequency: 40MHz
Flash size:        4MB
Features:          WiFi, BLE
MAC address:       60:55:f9:c0:2d:d8
Bootloader:        /home/conan/git/srbpavel/rust_esp32_std_dallas/target/riscv32imc-esp-espidf/release/build/esp-idf-sys-26190fee53544866/out/build/bootloader/bootloader.bin
Partition table:   /home/conan/git/srbpavel/rust_esp32_std_dallas/target/riscv32imc-esp-espidf/release/build/esp-idf-sys-26190fee53544866/out/build/partition_table/partition-table.bin
App/part. size:    409,632/1,048,576 bytes, 39.07%
[00:00:00] [========================================]      12/12      0x0                                                                                             [00:00:00] [========================================]       1/1       0x8000                                                                                          [00:00:05] [========================================]     219/219     0x10000                                                                                         Commands:
    CTRL+R    Reset chip
    CTRL+C    Exit

ESP-ROM:esp32c3-api1-20210207
Build:Feb  7 2021
rst:0x15 (USB_UART_CHIP_RESET),boot:0xc (SPI_FAST_FLASH_BOOT)
Saved PC:0x40380782
0x40380782 - spi_flash_mmap_pages
    at /home/conan/git/srbpavel/rust_esp32_std_dallas/.embuild/espressif/esp-idf/release-v4.4/components/spi_flash/flash_mmap.c:175
SPIWP:0xee
mode:DIO, clock div:1
load:0x3fcd5810,len:0x16bc
0x3fcd5810 - _bss_end
    at ??:??
load:0x403cc710,len:0x930
0x403cc710 - _coredump_iram_end
    at ??:??
load:0x403ce710,len:0x2db4
0x403ce710 - _coredump_iram_end
    at ??:??
SHA-256 comparison failed:
Calculated: eb4127bc45ac3de13acf256e67d3af83b0ffecec036f388d6264195db6718b17
Expected: acee2ffc1709aaf90032c779335dac414c98863e530dccd2bcaf5fd79205f0e9
Attempting to boot anyway...
entry 0x403cc710
0x403cc710 - _coredump_iram_end
    at ??:??
I (43) boot: ESP-IDF 9ee3c83-dirty 2nd stage bootloader
I (43) boot: compile time 14:42:57
I (43) boot: chip revision: 3
I (45) boot.esp32c3: SPI Speed      : 80MHz
I (50) boot.esp32c3: SPI Mode       : DIO
I (55) boot.esp32c3: SPI Flash Size : 4MB
I (59) boot: Enabling RNG early entropy source...
I (65) boot: Partition Table:
I (68) boot: ## Label            Usage          Type ST Offset   Length
I (76) boot:  0 nvs              WiFi data        01 02 00009000 00006000
I (83) boot:  1 phy_init         RF data          01 01 0000f000 00001000
I (90) boot:  2 factory          factory app      00 00 00010000 00100000
I (98) boot: End of partition table
I (102) boot_comm: chip revision: 3, min. application chip revision: 0
I (109) esp_image: segment 0: paddr=00010020 vaddr=3c050020 size=11b00h ( 72448) map
I (129) esp_image: segment 1: paddr=00021b28 vaddr=3fc8a800 size=01598h (  5528) load
I (131) esp_image: segment 2: paddr=000230c8 vaddr=40380000 size=0a774h ( 42868) load
I (143) esp_image: segment 3: paddr=0002d844 vaddr=00000000 size=027d4h ( 10196) 
I (145) esp_image: segment 4: paddr=00030020 vaddr=42000020 size=43fd8h (278488) map
I (199) boot: Loaded app from partition at offset 0x10000
I (200) boot: Disabling RNG early entropy source...
I (211) cpu_start: Pro cpu up.
I (219) cpu_start: Pro cpu start user code
I (220) cpu_start: cpu freq: 160000000
I (220) cpu_start: Application information:
I (222) cpu_start: Project name:     libespidf
I (227) cpu_start: App version:      1
I (232) cpu_start: Compile time:     Jan 18 2023 14:42:53
I (238) cpu_start: ELF file SHA256:  0000000000000000...
I (244) cpu_start: ESP-IDF:          9ee3c83-dirty
I (249) heap_init: Initializing. RAM available for dynamic allocation:
I (257) heap_init: At 3FC8CD50 len 0004F9C0 (318 KiB): DRAM
I (263) heap_init: At 3FCDC710 len 00002950 (10 KiB): STACK/DRAM
I (269) heap_init: At 50000020 len 00001FE0 (7 KiB): RTCRAM
I (276) spi_flash: detected chip: generic
I (281) spi_flash: flash io: dio
I (285) sleep: Configure to isolate all GPIO pins in sleep state
I (291) sleep: Enable automatic switching of GPIO sleep configuration
I (298) cpu_start: Starting scheduler.
W (303) rust_esp32_std_dallas: duration since machine_boot: 385.326096s
W (303) rust_esp32_std_dallas: event_loop init
I (313) gpio: GPIO[6]| InputEn: 0| OutputEn: 0| OpenDrain: 0| Pullup: 1| Pulldown: 0| Intr:0 
I (323) gpio: GPIO[4]| InputEn: 0| OutputEn: 0| OpenDrain: 0| Pullup: 1| Pulldown: 0| Intr:0 
W (333) rust_esp32_std_dallas: SENSOR_ID: pin: 6
I (353) rust_esp32_std_dallas: [385] device ROM D300000CFBC5ED28
I (363) rust_esp32_std_dallas: [385] device ROM F400000CFA9D7B28
I (383) rust_esp32_std_dallas: [385] device ROM DD012025033D7728
W (383) rust_esp32_std_dallas: ID: 6
I (443) rust_esp32_std_dallas: [385] device data -> ROM: D300000CFBC5ED28 TH: 75 TL:70 resolution: Bits12 None
I (453) rust_esp32_std_dallas: [385] device data -> ROM: F400000CFA9D7B28 TH: 75 TL:70 resolution: Bits12 None
I (463) rust_esp32_std_dallas: [385] device data -> ROM: DD012025033D7728 TH: 75 TL:70 resolution: Bits12 None
W (463) rust_esp32_std_dallas: ID: 4
I (633) rust_esp32_std_dallas: [385] device data -> ROM: CC00000CFB7AA028 TH: 55 TL:0 resolution: Bits12 None
I (653) rust_esp32_std_dallas: [385] device data -> ROM: 9100000CFB541028 TH: 55 TL:0 resolution: Bits12 None
I (663) rust_esp32_std_dallas: [385] device data -> ROM: A600000CFC035028 TH: 55 TL:0 resolution: Bits12 None
I (673) rust_esp32_std_dallas: [385] device data -> ROM: CE00000CFBCB0428 TH: 55 TL:0 resolution: Bits12 None
I (683) rust_esp32_std_dallas: [385] device data -> ROM: 3600000CFAB44428 TH: 55 TL:0 resolution: Bits12 None
I (703) rust_esp32_std_dallas: [385] device data -> ROM: BD00000CFB554A28 TH: 55 TL:0 resolution: Bits12 None
I (713) rust_esp32_std_dallas: [385] device data -> ROM: E900000CFC079A28 TH: 55 TL:0 resolution: Bits12 None
I (723) rust_esp32_std_dallas: [385] device data -> ROM: 6F00000CFBCC4328 TH: 55 TL:0 resolution: Bits12 None
I (733) rust_esp32_std_dallas: [385] device data -> ROM: 7300000CFB4ACB28 TH: 55 TL:0 resolution: Bits12 None
I (753) rust_esp32_std_dallas: [385] device data -> ROM: 1100000CFBCEEB28 TH: 55 TL:0 resolution: Bits12 None
W (853) rust_esp32_std_dallas: ID: 6
I (853) rust_esp32_std_dallas::sensor_ds: get temperature by single / false
I (1623) rust_esp32_std_dallas::sensor_ds: ROM: D300000CFBC5ED28
I (1633) rust_esp32_std_dallas::sensor_ds: RAW result: 302
I (1633) rust_esp32_std_dallas::sensor_ds: BIN result: 00101110 / 00000001 -> '0000000100101110' --> 18.875°C
I (2513) rust_esp32_std_dallas::sensor_ds: ROM: F400000CFA9D7B28
I (2523) rust_esp32_std_dallas::sensor_ds: RAW result: 300
I (2523) rust_esp32_std_dallas::sensor_ds: BIN result: 00101100 / 00000001 -> '0000000100101100' --> 18.75°C
I (3403) rust_esp32_std_dallas::sensor_ds: ROM: DD012025033D7728
I (3413) rust_esp32_std_dallas::sensor_ds: RAW result: 309
I (3413) rust_esp32_std_dallas::sensor_ds: BIN result: 00110101 / 00000001 -> '0000000100110101' --> 19.3125°C
E (3523) rust_esp32_std_dallas::sensor_ds: search state is None so we break
I (3623) rust_esp32_std_dallas::sensor_ds: get temperature via all / false
I (4393) rust_esp32_std_dallas::sensor_ds: device D300000CFBC5ED28 with 18.875°C -> 0000000100101110 / [46, 1, 75, 70, 127, 255, 2, 16, 56] / 0000000100101110
I (4433) rust_esp32_std_dallas::sensor_ds: device F400000CFA9D7B28 with 18.75°C -> 0000000100101100 / [44, 1, 75, 70, 127, 255, 4, 16, 20] / 0000000100101100
I (4463) rust_esp32_std_dallas::sensor_ds: device DD012025033D7728 with 19.3125°C -> 0000000100110101 / [53, 1, 75, 70, 127, 255, 12, 16, 95] / 0000000100110101
E (4463) rust_esp32_std_dallas::sensor_ds: search state is None so we break
E (4483) rust_esp32_std_dallas: ERROR <FREEZER> 3600000CFAB44428 view_config: CrcMismatch
I (4483) rust_esp32_std_dallas::sensor_ds: get device temperature  / false
I (4493) rust_esp32_std_dallas::sensor_ds: ROM: 3600000CFAB44428 to measure
E (5273) rust_esp32_std_dallas: ERROR <FREEZER> 3600000CFAB44428 get_device_temperature: CrcMismatch
W (5273) rust_esp32_std_dallas: ID: 4
I (5273) rust_esp32_std_dallas::sensor_ds: get temperature by single / false
I (6053) rust_esp32_std_dallas::sensor_ds: ROM: CC00000CFB7AA028
I (6063) rust_esp32_std_dallas::sensor_ds: RAW result: 305
I (6063) rust_esp32_std_dallas::sensor_ds: BIN result: 00110001 / 00000001 -> '0000000100110001' --> 19.0625°C
I (6943) rust_esp32_std_dallas::sensor_ds: ROM: 9100000CFB541028
I (6953) rust_esp32_std_dallas::sensor_ds: RAW result: 302
I (6953) rust_esp32_std_dallas::sensor_ds: BIN result: 00101110 / 00000001 -> '0000000100101110' --> 18.875°C
I (7833) rust_esp32_std_dallas::sensor_ds: ROM: A600000CFC035028
I (7843) rust_esp32_std_dallas::sensor_ds: RAW result: 305
I (7843) rust_esp32_std_dallas::sensor_ds: BIN result: 00110001 / 00000001 -> '0000000100110001' --> 19.0625°C
I (8723) rust_esp32_std_dallas::sensor_ds: ROM: CE00000CFBCB0428
I (8733) rust_esp32_std_dallas::sensor_ds: RAW result: 350
I (8733) rust_esp32_std_dallas::sensor_ds: BIN result: 01011110 / 00000001 -> '0000000101011110' --> 21.875°C
I (9613) rust_esp32_std_dallas::sensor_ds: ROM: 3600000CFAB44428
I (9623) rust_esp32_std_dallas::sensor_ds: RAW result: 278
I (9623) rust_esp32_std_dallas::sensor_ds: BIN result: 00010110 / 00000001 -> '0000000100010110' --> 17.375°C
I (10503) rust_esp32_std_dallas::sensor_ds: ROM: BD00000CFB554A28
I (10513) rust_esp32_std_dallas::sensor_ds: RAW result: 306
I (10513) rust_esp32_std_dallas::sensor_ds: BIN result: 00110010 / 00000001 -> '0000000100110010' --> 19.125°C
I (11393) rust_esp32_std_dallas::sensor_ds: ROM: E900000CFC079A28
I (11403) rust_esp32_std_dallas::sensor_ds: RAW result: 306
I (11403) rust_esp32_std_dallas::sensor_ds: BIN result: 00110010 / 00000001 -> '0000000100110010' --> 19.125°C
I (12283) rust_esp32_std_dallas::sensor_ds: ROM: 6F00000CFBCC4328
I (12293) rust_esp32_std_dallas::sensor_ds: RAW result: 308
I (12293) rust_esp32_std_dallas::sensor_ds: BIN result: 00110100 / 00000001 -> '0000000100110100' --> 19.25°C
I (13173) rust_esp32_std_dallas::sensor_ds: ROM: 7300000CFB4ACB28
I (13183) rust_esp32_std_dallas::sensor_ds: RAW result: 303
I (13183) rust_esp32_std_dallas::sensor_ds: BIN result: 00101111 / 00000001 -> '0000000100101111' --> 18.9375°C
I (14063) rust_esp32_std_dallas::sensor_ds: ROM: 1100000CFBCEEB28
I (14073) rust_esp32_std_dallas::sensor_ds: RAW result: 302
I (14073) rust_esp32_std_dallas::sensor_ds: BIN result: 00101110 / 00000001 -> '0000000100101110' --> 18.875°C
E (14183) rust_esp32_std_dallas::sensor_ds: search state is None so we break
I (14283) rust_esp32_std_dallas::sensor_ds: get temperature via all / false
I (15063) rust_esp32_std_dallas::sensor_ds: device CC00000CFB7AA028 with 19.0625°C -> 0000000100110001 / [49, 1, 55, 0, 127, 255, 15, 16, 143] / 0000000100110001
I (15093) rust_esp32_std_dallas::sensor_ds: device 9100000CFB541028 with 18.9375°C -> 0000000100101111 / [47, 1, 55, 0, 127, 255, 1, 16, 190] / 0000000100101111
I (15123) rust_esp32_std_dallas::sensor_ds: device A600000CFC035028 with 19.0625°C -> 0000000100110001 / [49, 1, 55, 0, 127, 255, 15, 16, 143] / 0000000100110001
I (15153) rust_esp32_std_dallas::sensor_ds: device CE00000CFBCB0428 with 21.8125°C -> 0000000101011101 / [93, 1, 55, 0, 127, 255, 3, 16, 28] / 0000000101011101
I (15183) rust_esp32_std_dallas::sensor_ds: device 3600000CFAB44428 with 17.375°C -> 0000000100010110 / [22, 1, 55, 0, 127, 255, 10, 16, 8] / 0000000100010110
I (15223) rust_esp32_std_dallas::sensor_ds: device BD00000CFB554A28 with 19.0625°C -> 0000000100110001 / [49, 1, 55, 0, 127, 255, 15, 16, 143] / 0000000100110001
I (15253) rust_esp32_std_dallas::sensor_ds: device E900000CFC079A28 with 19.125°C -> 0000000100110010 / [50, 1, 55, 0, 127, 255, 14, 16, 142] / 0000000100110010
I (15283) rust_esp32_std_dallas::sensor_ds: device 6F00000CFBCC4328 with 19.25°C -> 0000000100110100 / [52, 1, 55, 0, 127, 255, 12, 16, 140] / 0000000100110100
I (15313) rust_esp32_std_dallas::sensor_ds: device 7300000CFB4ACB28 with 19°C -> 0000000100110000 / [48, 1, 55, 0, 127, 255, 16, 16, 56] / 0000000100110000
I (15343) rust_esp32_std_dallas::sensor_ds: device 1100000CFBCEEB28 with 18.9375°C -> 0000000100101111 / [47, 1, 55, 0, 127, 255, 1, 16, 190] / 0000000100101111
E (15353) rust_esp32_std_dallas::sensor_ds: search state is None so we break
I (15373) rust_esp32_std_dallas: [400] device data -> ROM: 3600000CFAB44428 TH: 55 TL:0 resolution: Bits12 None
I (15373) rust_esp32_std_dallas::sensor_ds: get device temperature  / false
I (15383) rust_esp32_std_dallas::sensor_ds: ROM: 3600000CFAB44428 to measure
I (16153) rust_esp32_std_dallas::sensor_ds: RAW result: 278
I (16153) rust_esp32_std_dallas::sensor_ds: BIN result: 00010110 / 00000001 -> '0000000100010110' --> 17.375°C
